[2025-01-07 02:51:33] [main/ INFO] (BlossomLib): BlossomLib mixins loading
[2025-01-07 02:51:43] [main/TRACE] (BlossomLib): register config manager BlossomTpa.json
[2025-01-07 02:51:43] [main/TRACE] (BlossomLib): loading config BlossomTpa.json
[2025-01-07 02:51:43] [main/TRACE] (BlossomLib): saving config BlossomTpa.json
[2025-01-07 02:51:45] [main/ INFO] (BlossomLib): BlossomLib has starting
[2025-01-07 03:14:58] [Server thread/DEBUG] (BlossomLib): Create new genericCountdown for 3c3b563d-c762-335c-a4a1-5d85abbdcd0b (3.0 s)
[2025-01-07 03:14:58] [Server thread/DEBUG] (BlossomLib): genericCountdown for 3c3b563d-c762-335c-a4a1-5d85abbdcd0b has been reset after 0 ticks
[2025-01-07 03:14:58] [Server thread/DEBUG] (BlossomLib): genericCountdown for 3c3b563d-c762-335c-a4a1-5d85abbdcd0b has been reset after 0 ticks
[2025-01-07 03:14:58] [Server thread/DEBUG] (BlossomLib): genericCountdown for 3c3b563d-c762-335c-a4a1-5d85abbdcd0b has been reset after 0 ticks
[2025-01-07 03:14:58] [Server thread/DEBUG] (BlossomLib): genericCountdown for 3c3b563d-c762-335c-a4a1-5d85abbdcd0b has been reset after 0 ticks
[2025-01-07 03:14:58] [Server thread/DEBUG] (BlossomLib): genericCountdown for 3c3b563d-c762-335c-a4a1-5d85abbdcd0b has been reset after 1 ticks
[2025-01-07 03:14:58] [Server thread/DEBUG] (BlossomLib): genericCountdown for 3c3b563d-c762-335c-a4a1-5d85abbdcd0b has been reset after 5 ticks
[2025-01-07 03:14:58] [Server thread/DEBUG] (BlossomLib): genericCountdown for 3c3b563d-c762-335c-a4a1-5d85abbdcd0b has been reset after 0 ticks
[2025-01-07 03:14:59] [Server thread/DEBUG] (BlossomLib): genericCountdown for 3c3b563d-c762-335c-a4a1-5d85abbdcd0b has been reset after 0 ticks
[2025-01-07 03:14:59] [Server thread/DEBUG] (BlossomLib): genericCountdown for 3c3b563d-c762-335c-a4a1-5d85abbdcd0b has been reset after 0 ticks
[2025-01-07 03:14:59] [Server thread/DEBUG] (BlossomLib): genericCountdown for 3c3b563d-c762-335c-a4a1-5d85abbdcd0b has been reset after 0 ticks
[2025-01-07 03:14:59] [Server thread/DEBUG] (BlossomLib): genericCountdown for 3c3b563d-c762-335c-a4a1-5d85abbdcd0b has been reset after 0 ticks
[2025-01-07 03:14:59] [Server thread/DEBUG] (BlossomLib): genericCountdown for 3c3b563d-c762-335c-a4a1-5d85abbdcd0b has been reset after 0 ticks
[2025-01-07 03:14:59] [Server thread/DEBUG] (BlossomLib): genericCountdown for 3c3b563d-c762-335c-a4a1-5d85abbdcd0b has been reset after 0 ticks
[2025-01-07 03:14:59] [Server thread/DEBUG] (BlossomLib): genericCountdown for 3c3b563d-c762-335c-a4a1-5d85abbdcd0b has been reset after 0 ticks
[2025-01-07 03:14:59] [Server thread/DEBUG] (BlossomLib): genericCountdown for 3c3b563d-c762-335c-a4a1-5d85abbdcd0b has been reset after 0 ticks
[2025-01-07 03:14:59] [Server thread/DEBUG] (BlossomLib): genericCountdown for 3c3b563d-c762-335c-a4a1-5d85abbdcd0b has been reset after 0 ticks
[2025-01-07 03:14:59] [Server thread/DEBUG] (BlossomLib): genericCountdown for 3c3b563d-c762-335c-a4a1-5d85abbdcd0b has been reset after 0 ticks
[2025-01-07 03:14:59] [Server thread/DEBUG] (BlossomLib): genericCountdown for 3c3b563d-c762-335c-a4a1-5d85abbdcd0b has been reset after 0 ticks
[2025-01-07 03:14:59] [Server thread/DEBUG] (BlossomLib): genericCountdown for 3c3b563d-c762-335c-a4a1-5d85abbdcd0b has been reset after 0 ticks
[2025-01-07 03:14:59] [Server thread/DEBUG] (BlossomLib): genericCountdown for 3c3b563d-c762-335c-a4a1-5d85abbdcd0b has been reset after 5 ticks
[2025-01-07 03:14:59] [Server thread/DEBUG] (BlossomLib): genericCountdown for 3c3b563d-c762-335c-a4a1-5d85abbdcd0b has been reset after 0 ticks
[2025-01-07 03:14:59] [Server thread/DEBUG] (BlossomLib): genericCountdown for 3c3b563d-c762-335c-a4a1-5d85abbdcd0b has been reset after 0 ticks
[2025-01-07 03:15:00] [Server thread/DEBUG] (BlossomLib): genericCountdown for 3c3b563d-c762-335c-a4a1-5d85abbdcd0b has been reset after 0 ticks
[2025-01-07 03:15:00] [Server thread/DEBUG] (BlossomLib): genericCountdown for 3c3b563d-c762-335c-a4a1-5d85abbdcd0b has been reset after 6 ticks
[2025-01-07 03:15:03] [Server thread/DEBUG] (BlossomLib): genericCountdown for 3c3b563d-c762-335c-a4a1-5d85abbdcd0b has ended
[2025-01-07 03:17:36] [Server thread/DEBUG] (BlossomLib): Create new genericCountdown for 3c3b563d-c762-335c-a4a1-5d85abbdcd0b (3.0 s)
[2025-01-07 03:17:36] [Server thread/DEBUG] (BlossomLib): genericCountdown for 3c3b563d-c762-335c-a4a1-5d85abbdcd0b has been reset after 8 ticks
[2025-01-07 03:17:36] [Server thread/DEBUG] (BlossomLib): genericCountdown for 3c3b563d-c762-335c-a4a1-5d85abbdcd0b has been reset after 1 ticks
[2025-01-07 03:17:37] [Server thread/DEBUG] (BlossomLib): genericCountdown for 3c3b563d-c762-335c-a4a1-5d85abbdcd0b has been reset after 1 ticks
[2025-01-07 03:17:37] [Server thread/DEBUG] (BlossomLib): genericCountdown for 3c3b563d-c762-335c-a4a1-5d85abbdcd0b has been reset after 0 ticks
[2025-01-07 03:17:37] [Server thread/DEBUG] (BlossomLib): genericCountdown for 3c3b563d-c762-335c-a4a1-5d85abbdcd0b has been reset after 0 ticks
[2025-01-07 03:17:37] [Server thread/DEBUG] (BlossomLib): genericCountdown for 3c3b563d-c762-335c-a4a1-5d85abbdcd0b has been reset after 0 ticks
[2025-01-07 03:17:37] [Server thread/DEBUG] (BlossomLib): genericCountdown for 3c3b563d-c762-335c-a4a1-5d85abbdcd0b has been reset after 7 ticks
[2025-01-07 03:17:37] [Server thread/DEBUG] (BlossomLib): genericCountdown for 3c3b563d-c762-335c-a4a1-5d85abbdcd0b has been reset after 0 ticks
[2025-01-07 03:17:37] [Server thread/DEBUG] (BlossomLib): genericCountdown for 3c3b563d-c762-335c-a4a1-5d85abbdcd0b has been reset after 0 ticks
[2025-01-07 03:17:37] [Server thread/DEBUG] (BlossomLib): genericCountdown for 3c3b563d-c762-335c-a4a1-5d85abbdcd0b has been reset after 4 ticks
[2025-01-07 03:17:38] [Server thread/DEBUG] (BlossomLib): genericCountdown for 3c3b563d-c762-335c-a4a1-5d85abbdcd0b has been reset after 0 ticks
[2025-01-07 03:17:41] [Server thread/DEBUG] (BlossomLib): genericCountdown for 3c3b563d-c762-335c-a4a1-5d85abbdcd0b has ended
