[00:13:14] [ServerMain/INFO]: [bootstrap] Running Java 21 (OpenJDK 64-Bit Server VM 21.0.5+11-Ubuntu-1ubuntu120.04; Ubuntu null) on Linux 6.5.0-1025-azure (amd64)
[00:13:14] [ServerMain/INFO]: [bootstrap] Loading Paper 1.21.3-63-master@4190ee7 (2024-11-25T18:59:19Z) for Minecraft 1.21.3
[00:13:15] [ServerMain/INFO]: [PluginInitializerManager] Initializing plugins...
[00:13:15] [ServerMain/INFO]: [PluginInitializerManager] Initialized 0 plugins
[00:13:16] [Paper Plugin Remapper Thread - 0/INFO]: [ReobfServer] Remapping server...
[00:13:21] [ServerMain/INFO]: Environment: Environment[sessionHost=https://sessionserver.mojang.com, servicesHost=https://api.minecraftservices.com, name=PROD]
[00:13:21] [ServerMain/INFO]: Found new data pack file/bukkit, loading it automatically
[00:13:21] [ServerMain/INFO]: Found new data pack paper, loading it automatically
[00:13:22] [ServerMain/INFO]: No existing world data, creating new world
[00:13:24] [Paper Plugin Remapper Thread - 0/INFO]: [ReobfServer] Done remapping server in 7974ms.
[00:13:24] [ServerMain/INFO]: Loaded 1337 recipes
[00:13:24] [ServerMain/INFO]: Loaded 1448 advancements
[00:13:24] [Server thread/INFO]: Starting minecraft server version 1.21.3
[00:13:24] [Server thread/INFO]: Loading properties
[00:13:24] [Server thread/INFO]: This server is running Paper version 1.21.3-63-master@4190ee7 (2024-11-25T18:59:19Z) (Implementing API version 1.21.3-R0.1-SNAPSHOT)
[00:13:25] [Server thread/INFO]: [spark] This server bundles the spark profiler. For more information please visit https://docs.papermc.io/paper/profiling
[00:13:25] [Server thread/INFO]: Server Ping Player Sample Count: 12
[00:13:25] [Server thread/INFO]: Using 4 threads for Netty based IO
[00:13:26] [Server thread/INFO]: [MoonriseCommon] Paper is using 1 worker threads, 1 I/O threads
[00:13:26] [Server thread/INFO]: [ChunkTaskScheduler] Chunk system is using population gen parallelism: true
[00:13:26] [Server thread/INFO]: Default game type: SURVIVAL
[00:13:26] [Server thread/INFO]: Generating keypair
[00:13:26] [Server thread/INFO]: Starting Minecraft server on *:25565
[00:13:26] [Server thread/INFO]: Using epoll channel type
[00:13:26] [Server thread/INFO]: Paper: Using libdeflate (Linux x86_64) compression from Velocity.
[00:13:26] [Server thread/INFO]: Paper: Using OpenSSL 1.1.x (Linux x86_64) cipher from Velocity.
[00:13:26] [Server thread/WARN]: **** SERVER IS RUNNING IN OFFLINE/INSECURE MODE!
[00:13:26] [Server thread/WARN]: The server will make no attempt to authenticate usernames. Beware.
[00:13:26] [Server thread/WARN]: While this makes the game possible to play without internet access, it also opens up the ability for hackers to connect with any username they choose.
[00:13:26] [Server thread/WARN]: To change this, set "online-mode" to "true" in the server.properties file.
[00:13:26] [Server thread/INFO]: Preparing level "world"
[00:13:32] [Paper Common Worker #0/INFO]: [MCTypeRegistry] Initialising converters for DataConverter...
[00:13:32] [Paper Common Worker #0/INFO]: [MCTypeRegistry] Finished initialising converters for DataConverter in 208.1ms
[00:13:36] [Server thread/INFO]: Preparing start region for dimension minecraft:overworld
[00:13:36] [Server thread/INFO]: Preparing spawn area: 2%
[00:13:36] [Server thread/INFO]: Preparing spawn area: 2%
[00:13:37] [Server thread/INFO]: Preparing spawn area: 2%
[00:13:37] [Server thread/INFO]: Preparing spawn area: 2%
[00:13:38] [Server thread/INFO]: Preparing spawn area: 16%
[00:13:38] [Server thread/INFO]: Preparing spawn area: 18%
[00:13:39] [Server thread/INFO]: Preparing spawn area: 18%
[00:13:39] [Server thread/INFO]: Preparing spawn area: 28%
[00:13:40] [Server thread/INFO]: Preparing spawn area: 51%
[00:13:40] [Server thread/INFO]: Preparing spawn area: 51%
[00:13:41] [Server thread/INFO]: Preparing spawn area: 79%
[00:13:41] [Server thread/INFO]: Time elapsed: 5327 ms
[00:13:41] [Server thread/INFO]: Preparing start region for dimension minecraft:the_nether
[00:13:41] [Server thread/INFO]: Preparing spawn area: 2%
[00:13:41] [Server thread/INFO]: Preparing spawn area: 18%
[00:13:42] [Server thread/INFO]: Preparing spawn area: 51%
[00:13:42] [Server thread/INFO]: Preparing spawn area: 87%
[00:13:42] [Server thread/INFO]: Time elapsed: 1503 ms
[00:13:42] [Server thread/INFO]: Preparing start region for dimension minecraft:the_end
[00:13:42] [Server thread/INFO]: Preparing spawn area: 2%
[00:13:43] [Server thread/INFO]: Time elapsed: 470 ms
[00:13:43] [Server thread/INFO]: [spark] Starting background profiler...
[00:13:43] [Server thread/INFO]: Done preparing level "world" (17.084s)
[00:13:43] [Server thread/INFO]: Running delayed init tasks
[00:13:43] [Server thread/INFO]: Done (29.674s)! For help, type "help"
[00:13:43] [Server thread/INFO]: *************************************************************************************
[00:13:43] [Server thread/INFO]: This is the first time you're starting this server.
[00:13:43] [Server thread/INFO]: It's recommended you read our 'Getting Started' documentation for guidance.
[00:13:43] [Server thread/INFO]: View this and more helpful information here: https://docs.papermc.io/paper/next-steps
[00:13:43] [Server thread/INFO]: *************************************************************************************
